[debug] [2025-12-26T21:30:08.057Z] ----------------------------------------------------------------------
[debug] [2025-12-26T21:30:08.058Z] Command:       /opt/homebrew/Cellar/node/25.2.1/bin/node /opt/homebrew/bin/firebase init
[debug] [2025-12-26T21:30:08.058Z] CLI Version:   15.1.0
[debug] [2025-12-26T21:30:08.058Z] Platform:      darwin
[debug] [2025-12-26T21:30:08.058Z] Node Version:  v25.2.1
[debug] [2025-12-26T21:30:08.058Z] Time:          Sat Dec 27 2025 01:00:08 GMT+0330 (Iran Standard Time)
[debug] [2025-12-26T21:30:08.059Z] ----------------------------------------------------------------------
[debug] 
[info] 
     ######## #### ########  ######## ########     ###     ######  ########
     ##        ##  ##     ## ##       ##     ##  ##   ##  ##       ##
     ######    ##  ########  ######   ########  #########  ######  ######
     ##        ##  ##    ##  ##       ##     ## ##     ##       ## ##
     ##       #### ##     ## ######## ########  ##     ##  ######  ########

You're about to initialize a Firebase project in this directory:

  /Users/sarvenaz/Documents/GitHub/PersonalLibrary

Before we get started, keep in mind:

  * You are initializing within an existing Firebase project directory

[debug] [2025-12-26T21:30:28.342Z] ExitPromptError: User force closed the prompt with SIGINT
    at Interface.sigint (/opt/homebrew/lib/node_modules/firebase-tools/node_modules/@inquirer/core/dist/commonjs/lib/create-prompt.js:101:37)
    at Interface.emit (node:events:508:28)
    at [_ttyWrite] [as _ttyWrite] (node:internal/readline/interface:1327:18)
    at ReadStream.onkeypress (node:internal/readline/interface:284:20)
    at ReadStream.emit (node:events:520:35)
    at emitKeys (node:internal/readline/utils:371:14)
    at emitKeys.next (<anonymous>)
    at ReadStream.onData (node:internal/readline/emitKeypressEvents:64:36)
    at ReadStream.emit (node:events:508:28)
    at addChunk (node:internal/streams/readable:559:12)
[error] 
[error] Error: An unexpected error has occurred.
